<?xml version="1.0" encoding="UTF-8"?>
<testsuite name="org.flaton.reducontrol.service.AppInfoServiceTest" tests="1" skipped="0" failures="0" errors="0" timestamp="2022-02-16T11:16:57" hostname="jangjunhyeog-ui-MacBookAir.local" time="0.003">
  <properties/>
  <testcase name="어플리케이션_정보()" classname="org.flaton.reducontrol.service.AppInfoServiceTest" time="0.003"/>
  <system-out><![CDATA[2022-02-16 20:16:57.130  INFO 93737 --- [    Test worker] .b.t.c.SpringBootTestContextBootstrapper : Neither @ContextConfiguration nor @ContextHierarchy found for test class [org.flaton.reducontrol.service.AppInfoServiceTest], using SpringBootContextLoader
2022-02-16 20:16:57.131  INFO 93737 --- [    Test worker] o.s.t.c.support.AbstractContextLoader    : Could not detect default resource locations for test class [org.flaton.reducontrol.service.AppInfoServiceTest]: no resource found for suffixes {-context.xml, Context.groovy}.
2022-02-16 20:16:57.131  INFO 93737 --- [    Test worker] t.c.s.AnnotationConfigContextLoaderUtils : Could not detect default configuration classes for test class [org.flaton.reducontrol.service.AppInfoServiceTest]: AppInfoServiceTest does not declare any static, non-private, non-final, nested classes annotated with @Configuration.
2022-02-16 20:16:57.137  INFO 93737 --- [    Test worker] .b.t.c.SpringBootTestContextBootstrapper : Found @SpringBootConfiguration org.flaton.reducontrol.ReduControlApplication for test class org.flaton.reducontrol.service.AppInfoServiceTest
2022-02-16 20:16:57.140  INFO 93737 --- [    Test worker] .b.t.c.SpringBootTestContextBootstrapper : Loaded default TestExecutionListener class names from location [META-INF/spring.factories]: [org.springframework.security.test.context.support.WithSecurityContextTestExecutionListener, org.springframework.security.test.context.support.ReactorContextTestExecutionListener, org.springframework.boot.test.autoconfigure.restdocs.RestDocsTestExecutionListener, org.springframework.boot.test.autoconfigure.web.client.MockRestServiceServerResetTestExecutionListener, org.springframework.boot.test.autoconfigure.web.servlet.MockMvcPrintOnlyOnFailureTestExecutionListener, org.springframework.boot.test.autoconfigure.web.servlet.WebDriverTestExecutionListener, org.springframework.boot.test.autoconfigure.webservices.client.MockWebServiceServerTestExecutionListener, org.springframework.boot.test.mock.mockito.MockitoTestExecutionListener, org.springframework.boot.test.mock.mockito.ResetMocksTestExecutionListener, org.springframework.test.context.web.ServletTestExecutionListener, org.springframework.test.context.support.DirtiesContextBeforeModesTestExecutionListener, org.springframework.test.context.event.ApplicationEventsTestExecutionListener, org.springframework.test.context.support.DependencyInjectionTestExecutionListener, org.springframework.test.context.support.DirtiesContextTestExecutionListener, org.springframework.test.context.transaction.TransactionalTestExecutionListener, org.springframework.test.context.jdbc.SqlScriptsTestExecutionListener, org.springframework.test.context.event.EventPublishingTestExecutionListener]
2022-02-16 20:16:57.140  INFO 93737 --- [    Test worker] .b.t.c.SpringBootTestContextBootstrapper : Using TestExecutionListeners: [org.springframework.test.context.web.ServletTestExecutionListener@1d0e2c96, org.springframework.test.context.support.DirtiesContextBeforeModesTestExecutionListener@7fa498b3, org.springframework.test.context.event.ApplicationEventsTestExecutionListener@64cde9a5, org.springframework.boot.test.mock.mockito.MockitoTestExecutionListener@5efb3259, org.springframework.boot.test.autoconfigure.SpringBootDependencyInjectionTestExecutionListener@327dcf8c, org.springframework.test.context.support.DirtiesContextTestExecutionListener@69c7b870, org.springframework.test.context.transaction.TransactionalTestExecutionListener@62ccf42c, org.springframework.test.context.jdbc.SqlScriptsTestExecutionListener@65227bd6, org.springframework.security.test.context.support.WithSecurityContextTestExecutionListener@397fd951, org.springframework.test.context.event.EventPublishingTestExecutionListener@6d2fe236, org.springframework.security.test.context.support.ReactorContextTestExecutionListener@68c7162b, org.springframework.boot.test.autoconfigure.restdocs.RestDocsTestExecutionListener@1e4d3c2e, org.springframework.boot.test.autoconfigure.web.client.MockRestServiceServerResetTestExecutionListener@593fcbe7, org.springframework.boot.test.autoconfigure.web.servlet.MockMvcPrintOnlyOnFailureTestExecutionListener@4b13aca4, org.springframework.boot.test.autoconfigure.web.servlet.WebDriverTestExecutionListener@1bb59da3, org.springframework.boot.test.autoconfigure.webservices.client.MockWebServiceServerTestExecutionListener@6cee6eb7, org.springframework.boot.test.mock.mockito.ResetMocksTestExecutionListener@4b29f03e]
]]></system-out>
  <system-err><![CDATA[]]></system-err>
</testsuite>
